Puma 2.11.3 starting...
* Min threads: 0, max threads: 16
* Environment: development
* Listening on tcp://0.0.0.0:4567
== Sinatra (v1.4.6) has taken the stage on 4567 for development with backup from Puma
2015-08-19 23:06:40 - NameError - uninitialized constant HttpService::DeviceInfoConsultor:
	/home/pi/code/raspberry/bin/init_http_services.rb:18:in `block in <class:HttpService>'
	/home/pi/.rvm/gems/ruby-2.2.0@global/gems/sinatra-1.4.6/lib/sinatra/base.rb:1610:in `call'
	/home/pi/.rvm/gems/ruby-2.2.0@global/gems/sinatra-1.4.6/lib/sinatra/base.rb:1610:in `block in compile!'
	/home/pi/.rvm/gems/ruby-2.2.0@global/gems/sinatra-1.4.6/lib/sinatra/base.rb:974:in `[]'
	/home/pi/.rvm/gems/ruby-2.2.0@global/gems/sinatra-1.4.6/lib/sinatra/base.rb:974:in `block (3 levels) in route!'
	/home/pi/.rvm/gems/ruby-2.2.0@global/gems/sinatra-1.4.6/lib/sinatra/base.rb:993:in `route_eval'
	/home/pi/.rvm/gems/ruby-2.2.0@global/gems/sinatra-1.4.6/lib/sinatra/base.rb:974:in `block (2 levels) in route!'
	/home/pi/.rvm/gems/ruby-2.2.0@global/gems/sinatra-1.4.6/lib/sinatra/base.rb:1014:in `block in process_route'
	/home/pi/.rvm/gems/ruby-2.2.0@global/gems/sinatra-1.4.6/lib/sinatra/base.rb:1012:in `catch'
	/home/pi/.rvm/gems/ruby-2.2.0@global/gems/sinatra-1.4.6/lib/sinatra/base.rb:1012:in `process_route'
	/home/pi/.rvm/gems/ruby-2.2.0@global/gems/sinatra-1.4.6/lib/sinatra/base.rb:972:in `block in route!'
	/home/pi/.rvm/gems/ruby-2.2.0@global/gems/sinatra-1.4.6/lib/sinatra/base.rb:971:in `each'
	/home/pi/.rvm/gems/ruby-2.2.0@global/gems/sinatra-1.4.6/lib/sinatra/base.rb:971:in `route!'
	/home/pi/.rvm/gems/ruby-2.2.0@global/gems/sinatra-1.4.6/lib/sinatra/base.rb:1084:in `block in dispatch!'
	/home/pi/.rvm/gems/ruby-2.2.0@global/gems/sinatra-1.4.6/lib/sinatra/base.rb:1066:in `block in invoke'
	/home/pi/.rvm/gems/ruby-2.2.0@global/gems/sinatra-1.4.6/lib/sinatra/base.rb:1066:in `catch'
	/home/pi/.rvm/gems/ruby-2.2.0@global/gems/sinatra-1.4.6/lib/sinatra/base.rb:1066:in `invoke'
	/home/pi/.rvm/gems/ruby-2.2.0@global/gems/sinatra-1.4.6/lib/sinatra/base.rb:1081:in `dispatch!'
	/home/pi/.rvm/gems/ruby-2.2.0@global/gems/sinatra-1.4.6/lib/sinatra/base.rb:906:in `block in call!'
	/home/pi/.rvm/gems/ruby-2.2.0@global/gems/sinatra-1.4.6/lib/sinatra/base.rb:1066:in `block in invoke'
	/home/pi/.rvm/gems/ruby-2.2.0@global/gems/sinatra-1.4.6/lib/sinatra/base.rb:1066:in `catch'
	/home/pi/.rvm/gems/ruby-2.2.0@global/gems/sinatra-1.4.6/lib/sinatra/base.rb:1066:in `invoke'
	/home/pi/.rvm/gems/ruby-2.2.0@global/gems/sinatra-1.4.6/lib/sinatra/base.rb:906:in `call!'
	/home/pi/.rvm/gems/ruby-2.2.0@global/gems/sinatra-1.4.6/lib/sinatra/base.rb:894:in `call'
	/home/pi/.rvm/gems/ruby-2.2.0@global/gems/rack-protection-1.5.3/lib/rack/protection/xss_header.rb:18:in `call'
	/home/pi/.rvm/gems/ruby-2.2.0@global/gems/rack-protection-1.5.3/lib/rack/protection/path_traversal.rb:16:in `call'
	/home/pi/.rvm/gems/ruby-2.2.0@global/gems/rack-protection-1.5.3/lib/rack/protection/json_csrf.rb:18:in `call'
	/home/pi/.rvm/gems/ruby-2.2.0@global/gems/rack-protection-1.5.3/lib/rack/protection/base.rb:49:in `call'
	/home/pi/.rvm/gems/ruby-2.2.0@global/gems/rack-protection-1.5.3/lib/rack/protection/base.rb:49:in `call'
	/home/pi/.rvm/gems/ruby-2.2.0@global/gems/rack-protection-1.5.3/lib/rack/protection/frame_options.rb:31:in `call'
	/home/pi/.rvm/gems/ruby-2.2.0@global/gems/rack-1.6.2/lib/rack/nulllogger.rb:9:in `call'
	/home/pi/.rvm/gems/ruby-2.2.0@global/gems/rack-1.6.2/lib/rack/head.rb:13:in `call'
	/home/pi/.rvm/gems/ruby-2.2.0@global/gems/sinatra-1.4.6/lib/sinatra/show_exceptions.rb:21:in `call'
	/home/pi/.rvm/gems/ruby-2.2.0@global/gems/sinatra-1.4.6/lib/sinatra/base.rb:181:in `call'
	/home/pi/.rvm/gems/ruby-2.2.0@global/gems/sinatra-1.4.6/lib/sinatra/base.rb:2021:in `call'
	/home/pi/.rvm/gems/ruby-2.2.0@global/gems/sinatra-1.4.6/lib/sinatra/base.rb:1486:in `block in call'
	/home/pi/.rvm/gems/ruby-2.2.0@global/gems/sinatra-1.4.6/lib/sinatra/base.rb:1795:in `synchronize'
	/home/pi/.rvm/gems/ruby-2.2.0@global/gems/sinatra-1.4.6/lib/sinatra/base.rb:1486:in `call'
	/home/pi/.rvm/gems/ruby-2.2.0@global/gems/puma-2.11.3/lib/puma/server.rb:507:in `handle_request'
	/home/pi/.rvm/gems/ruby-2.2.0@global/gems/puma-2.11.3/lib/puma/server.rb:375:in `process_client'
	/home/pi/.rvm/gems/ruby-2.2.0@global/gems/puma-2.11.3/lib/puma/server.rb:262:in `block in run'
	/home/pi/.rvm/gems/ruby-2.2.0@global/gems/puma-2.11.3/lib/puma/thread_pool.rb:104:in `call'
	/home/pi/.rvm/gems/ruby-2.2.0@global/gems/puma-2.11.3/lib/puma/thread_pool.rb:104:in `block in spawn_thread'
2015-08-19 23:09:45 - NameError - uninitialized constant HttpService::UserConsultor:
	/home/pi/code/raspberry/bin/init_http_services.rb:12:in `authenticate'
	/home/pi/code/raspberry/bin/init_http_services.rb:65:in `block in <class:HttpService>'
	/home/pi/.rvm/gems/ruby-2.2.0@global/gems/sinatra-1.4.6/lib/sinatra/base.rb:1610:in `call'
	/home/pi/.rvm/gems/ruby-2.2.0@global/gems/sinatra-1.4.6/lib/sinatra/base.rb:1610:in `block in compile!'
	/home/pi/.rvm/gems/ruby-2.2.0@global/gems/sinatra-1.4.6/lib/sinatra/base.rb:974:in `[]'
	/home/pi/.rvm/gems/ruby-2.2.0@global/gems/sinatra-1.4.6/lib/sinatra/base.rb:974:in `block (3 levels) in route!'
	/home/pi/.rvm/gems/ruby-2.2.0@global/gems/sinatra-1.4.6/lib/sinatra/base.rb:993:in `route_eval'
	/home/pi/.rvm/gems/ruby-2.2.0@global/gems/sinatra-1.4.6/lib/sinatra/base.rb:974:in `block (2 levels) in route!'
	/home/pi/.rvm/gems/ruby-2.2.0@global/gems/sinatra-1.4.6/lib/sinatra/base.rb:1014:in `block in process_route'
	/home/pi/.rvm/gems/ruby-2.2.0@global/gems/sinatra-1.4.6/lib/sinatra/base.rb:1012:in `catch'
	/home/pi/.rvm/gems/ruby-2.2.0@global/gems/sinatra-1.4.6/lib/sinatra/base.rb:1012:in `process_route'
	/home/pi/.rvm/gems/ruby-2.2.0@global/gems/sinatra-1.4.6/lib/sinatra/base.rb:972:in `block in route!'
	/home/pi/.rvm/gems/ruby-2.2.0@global/gems/sinatra-1.4.6/lib/sinatra/base.rb:971:in `each'
	/home/pi/.rvm/gems/ruby-2.2.0@global/gems/sinatra-1.4.6/lib/sinatra/base.rb:971:in `route!'
	/home/pi/.rvm/gems/ruby-2.2.0@global/gems/sinatra-1.4.6/lib/sinatra/base.rb:1084:in `block in dispatch!'
	/home/pi/.rvm/gems/ruby-2.2.0@global/gems/sinatra-1.4.6/lib/sinatra/base.rb:1066:in `block in invoke'
	/home/pi/.rvm/gems/ruby-2.2.0@global/gems/sinatra-1.4.6/lib/sinatra/base.rb:1066:in `catch'
	/home/pi/.rvm/gems/ruby-2.2.0@global/gems/sinatra-1.4.6/lib/sinatra/base.rb:1066:in `invoke'
	/home/pi/.rvm/gems/ruby-2.2.0@global/gems/sinatra-1.4.6/lib/sinatra/base.rb:1081:in `dispatch!'
	/home/pi/.rvm/gems/ruby-2.2.0@global/gems/sinatra-1.4.6/lib/sinatra/base.rb:906:in `block in call!'
	/home/pi/.rvm/gems/ruby-2.2.0@global/gems/sinatra-1.4.6/lib/sinatra/base.rb:1066:in `block in invoke'
	/home/pi/.rvm/gems/ruby-2.2.0@global/gems/sinatra-1.4.6/lib/sinatra/base.rb:1066:in `catch'
	/home/pi/.rvm/gems/ruby-2.2.0@global/gems/sinatra-1.4.6/lib/sinatra/base.rb:1066:in `invoke'
	/home/pi/.rvm/gems/ruby-2.2.0@global/gems/sinatra-1.4.6/lib/sinatra/base.rb:906:in `call!'
	/home/pi/.rvm/gems/ruby-2.2.0@global/gems/sinatra-1.4.6/lib/sinatra/base.rb:894:in `call'
	/home/pi/.rvm/gems/ruby-2.2.0@global/gems/rack-protection-1.5.3/lib/rack/protection/xss_header.rb:18:in `call'
	/home/pi/.rvm/gems/ruby-2.2.0@global/gems/rack-protection-1.5.3/lib/rack/protection/path_traversal.rb:16:in `call'
	/home/pi/.rvm/gems/ruby-2.2.0@global/gems/rack-protection-1.5.3/lib/rack/protection/json_csrf.rb:18:in `call'
	/home/pi/.rvm/gems/ruby-2.2.0@global/gems/rack-protection-1.5.3/lib/rack/protection/base.rb:49:in `call'
	/home/pi/.rvm/gems/ruby-2.2.0@global/gems/rack-protection-1.5.3/lib/rack/protection/base.rb:49:in `call'
	/home/pi/.rvm/gems/ruby-2.2.0@global/gems/rack-protection-1.5.3/lib/rack/protection/frame_options.rb:31:in `call'
	/home/pi/.rvm/gems/ruby-2.2.0@global/gems/rack-1.6.2/lib/rack/nulllogger.rb:9:in `call'
	/home/pi/.rvm/gems/ruby-2.2.0@global/gems/rack-1.6.2/lib/rack/head.rb:13:in `call'
	/home/pi/.rvm/gems/ruby-2.2.0@global/gems/sinatra-1.4.6/lib/sinatra/show_exceptions.rb:21:in `call'
	/home/pi/.rvm/gems/ruby-2.2.0@global/gems/sinatra-1.4.6/lib/sinatra/base.rb:181:in `call'
	/home/pi/.rvm/gems/ruby-2.2.0@global/gems/sinatra-1.4.6/lib/sinatra/base.rb:2021:in `call'
	/home/pi/.rvm/gems/ruby-2.2.0@global/gems/sinatra-1.4.6/lib/sinatra/base.rb:1486:in `block in call'
	/home/pi/.rvm/gems/ruby-2.2.0@global/gems/sinatra-1.4.6/lib/sinatra/base.rb:1795:in `synchronize'
	/home/pi/.rvm/gems/ruby-2.2.0@global/gems/sinatra-1.4.6/lib/sinatra/base.rb:1486:in `call'
	/home/pi/.rvm/gems/ruby-2.2.0@global/gems/puma-2.11.3/lib/puma/server.rb:507:in `handle_request'
	/home/pi/.rvm/gems/ruby-2.2.0@global/gems/puma-2.11.3/lib/puma/server.rb:375:in `process_client'
	/home/pi/.rvm/gems/ruby-2.2.0@global/gems/puma-2.11.3/lib/puma/server.rb:262:in `block in run'
	/home/pi/.rvm/gems/ruby-2.2.0@global/gems/puma-2.11.3/lib/puma/thread_pool.rb:104:in `call'
	/home/pi/.rvm/gems/ruby-2.2.0@global/gems/puma-2.11.3/lib/puma/thread_pool.rb:104:in `block in spawn_thread'
== Sinatra has ended his set (crowd applauds)
/home/pi/.rvm/gems/ruby-2.2.0@global/gems/require_all-1.3.2/lib/require_all.rb:85:in `require_all': no files to load (LoadError)
	from /home/pi/code/raspberry/bin/init_http_services.rb:4:in `<main>'
/home/pi/.rvm/gems/ruby-2.2.0@global/gems/require_all-1.3.2/lib/require_all.rb:85:in `require_all': no files to load (LoadError)
	from /home/pi/code/raspberry/bin/init_http_services.rb:4:in `<main>'
/home/pi/.rvm/gems/ruby-2.2.0@global/gems/require_all-1.3.2/lib/require_all.rb:85:in `require_all': no files to load (LoadError)
	from /home/pi/code/raspberry/bin/init_http_services.rb:4:in `<main>'
/home/pi/.rvm/gems/ruby-2.2.0@global/gems/require_all-1.3.2/lib/require_all.rb:85:in `require_all': no files to load (LoadError)
	from /home/pi/code/raspberry/bin/init_http_services.rb:4:in `<main>'
/home/pi/.rvm/gems/ruby-2.2.0@global/gems/require_all-1.3.2/lib/require_all.rb:85:in `require_all': no files to load (LoadError)
	from /home/pi/code/raspberry/bin/init_http_services.rb:4:in `<main>'
/home/pi/.rvm/gems/ruby-2.2.0@global/gems/require_all-1.3.2/lib/require_all.rb:85:in `require_all': no files to load (LoadError)
	from /home/pi/code/raspberry/bin/init_http_services.rb:4:in `<main>'
/home/pi/.rvm/gems/ruby-2.2.0@global/gems/require_all-1.3.2/lib/require_all.rb:85:in `require_all': no files to load (LoadError)
	from /home/pi/code/raspberry/bin/init_http_services.rb:4:in `<main>'
/home/pi/.rvm/gems/ruby-2.2.0@global/gems/require_all-1.3.2/lib/require_all.rb:85:in `require_all': no files to load (LoadError)
	from /home/pi/code/raspberry/bin/init_http_services.rb:4:in `<main>'
/home/pi/.rvm/gems/ruby-2.2.0@global/gems/require_all-1.3.2/lib/require_all.rb:85:in `require_all': no files to load (LoadError)
	from /home/pi/code/raspberry/bin/init_http_services.rb:4:in `<main>'
/home/pi/.rvm/gems/ruby-2.2.0@global/gems/require_all-1.3.2/lib/require_all.rb:85:in `require_all': no files to load (LoadError)
	from /home/pi/code/raspberry/bin/init_http_services.rb:4:in `<main>'
Puma 2.11.3 starting...
* Min threads: 0, max threads: 16
* Environment: development
* Listening on tcp://0.0.0.0:4567
== Sinatra (v1.4.6) has taken the stage on 4567 for development with backup from Puma
== Sinatra has ended his set (crowd applauds)
/home/pi/code/raspberry/lib/state_engine/states/state_off_off.rb:1:in `<top (required)>': uninitialized constant State (NameError)
	from /home/pi/.rvm/rubies/ruby-2.2.0/lib/ruby/site_ruby/2.2.0/rubygems/core_ext/kernel_require.rb:54:in `require'
	from /home/pi/.rvm/rubies/ruby-2.2.0/lib/ruby/site_ruby/2.2.0/rubygems/core_ext/kernel_require.rb:54:in `require'
	from /home/pi/code/raspberry/bin/init_http_services.rb:4:in `block in <main>'
	from /home/pi/code/raspberry/bin/init_http_services.rb:4:in `each'
	from /home/pi/code/raspberry/bin/init_http_services.rb:4:in `<main>'
/home/pi/code/raspberry/lib/state_engine/states/state_off_off.rb:1:in `<top (required)>': uninitialized constant State (NameError)
	from /home/pi/.rvm/rubies/ruby-2.2.0/lib/ruby/site_ruby/2.2.0/rubygems/core_ext/kernel_require.rb:54:in `require'
	from /home/pi/.rvm/rubies/ruby-2.2.0/lib/ruby/site_ruby/2.2.0/rubygems/core_ext/kernel_require.rb:54:in `require'
	from /home/pi/code/raspberry/bin/init_http_services.rb:4:in `block in <main>'
	from /home/pi/code/raspberry/bin/init_http_services.rb:4:in `each'
	from /home/pi/code/raspberry/bin/init_http_services.rb:4:in `<main>'
/home/pi/code/raspberry/lib/state_engine/states/state_off_off.rb:1:in `<top (required)>': uninitialized constant State (NameError)
	from /home/pi/.rvm/rubies/ruby-2.2.0/lib/ruby/site_ruby/2.2.0/rubygems/core_ext/kernel_require.rb:54:in `require'
	from /home/pi/.rvm/rubies/ruby-2.2.0/lib/ruby/site_ruby/2.2.0/rubygems/core_ext/kernel_require.rb:54:in `require'
	from /home/pi/code/raspberry/bin/init_http_services.rb:4:in `block in <main>'
	from /home/pi/code/raspberry/bin/init_http_services.rb:4:in `each'
	from /home/pi/code/raspberry/bin/init_http_services.rb:4:in `<main>'
/home/pi/code/raspberry/lib/state_engine/states/state_off_off.rb:1:in `<top (required)>': uninitialized constant State (NameError)
	from /home/pi/.rvm/rubies/ruby-2.2.0/lib/ruby/site_ruby/2.2.0/rubygems/core_ext/kernel_require.rb:54:in `require'
	from /home/pi/.rvm/rubies/ruby-2.2.0/lib/ruby/site_ruby/2.2.0/rubygems/core_ext/kernel_require.rb:54:in `require'
	from /home/pi/code/raspberry/bin/init_http_services.rb:4:in `block in <main>'
	from /home/pi/code/raspberry/bin/init_http_services.rb:4:in `each'
	from /home/pi/code/raspberry/bin/init_http_services.rb:4:in `<main>'
/home/pi/code/raspberry/lib/state_engine/states/state_off_off.rb:1:in `<top (required)>': uninitialized constant State (NameError)
	from /home/pi/.rvm/rubies/ruby-2.2.0/lib/ruby/site_ruby/2.2.0/rubygems/core_ext/kernel_require.rb:54:in `require'
	from /home/pi/.rvm/rubies/ruby-2.2.0/lib/ruby/site_ruby/2.2.0/rubygems/core_ext/kernel_require.rb:54:in `require'
	from /home/pi/code/raspberry/bin/init_http_services.rb:4:in `block in <main>'
	from /home/pi/code/raspberry/bin/init_http_services.rb:4:in `each'
	from /home/pi/code/raspberry/bin/init_http_services.rb:4:in `<main>'
/home/pi/code/raspberry/lib/state_engine/states/state_off_off.rb:1:in `<top (required)>': uninitialized constant State (NameError)
	from /home/pi/.rvm/rubies/ruby-2.2.0/lib/ruby/site_ruby/2.2.0/rubygems/core_ext/kernel_require.rb:54:in `require'
	from /home/pi/.rvm/rubies/ruby-2.2.0/lib/ruby/site_ruby/2.2.0/rubygems/core_ext/kernel_require.rb:54:in `require'
	from /home/pi/code/raspberry/bin/init_http_services.rb:4:in `block in <main>'
	from /home/pi/code/raspberry/bin/init_http_services.rb:4:in `each'
	from /home/pi/code/raspberry/bin/init_http_services.rb:4:in `<main>'
/home/pi/code/raspberry/lib/state_engine/states/state_off_off.rb:1:in `<top (required)>': uninitialized constant State (NameError)
	from /home/pi/.rvm/rubies/ruby-2.2.0/lib/ruby/site_ruby/2.2.0/rubygems/core_ext/kernel_require.rb:54:in `require'
	from /home/pi/.rvm/rubies/ruby-2.2.0/lib/ruby/site_ruby/2.2.0/rubygems/core_ext/kernel_require.rb:54:in `require'
	from /home/pi/code/raspberry/bin/init_http_services.rb:4:in `block in <main>'
	from /home/pi/code/raspberry/bin/init_http_services.rb:4:in `each'
	from /home/pi/code/raspberry/bin/init_http_services.rb:4:in `<main>'
/home/pi/code/raspberry/lib/state_engine/states/state_off_off.rb:1:in `<top (required)>': uninitialized constant State (NameError)
	from /home/pi/.rvm/rubies/ruby-2.2.0/lib/ruby/site_ruby/2.2.0/rubygems/core_ext/kernel_require.rb:54:in `require'
	from /home/pi/.rvm/rubies/ruby-2.2.0/lib/ruby/site_ruby/2.2.0/rubygems/core_ext/kernel_require.rb:54:in `require'
	from /home/pi/code/raspberry/bin/init_http_services.rb:4:in `block in <main>'
	from /home/pi/code/raspberry/bin/init_http_services.rb:4:in `each'
	from /home/pi/code/raspberry/bin/init_http_services.rb:4:in `<main>'
/home/pi/code/raspberry/lib/state_engine/states/state_off_off.rb:1:in `<top (required)>': uninitialized constant State (NameError)
	from /home/pi/.rvm/rubies/ruby-2.2.0/lib/ruby/site_ruby/2.2.0/rubygems/core_ext/kernel_require.rb:54:in `require'
	from /home/pi/.rvm/rubies/ruby-2.2.0/lib/ruby/site_ruby/2.2.0/rubygems/core_ext/kernel_require.rb:54:in `require'
	from /home/pi/code/raspberry/bin/init_http_services.rb:4:in `block in <main>'
	from /home/pi/code/raspberry/bin/init_http_services.rb:4:in `each'
	from /home/pi/code/raspberry/bin/init_http_services.rb:4:in `<main>'
/home/pi/code/raspberry/lib/state_engine/states/state_off_off.rb:1:in `<top (required)>': uninitialized constant State (NameError)
	from /home/pi/.rvm/rubies/ruby-2.2.0/lib/ruby/site_ruby/2.2.0/rubygems/core_ext/kernel_require.rb:54:in `require'
	from /home/pi/.rvm/rubies/ruby-2.2.0/lib/ruby/site_ruby/2.2.0/rubygems/core_ext/kernel_require.rb:54:in `require'
	from /home/pi/code/raspberry/bin/init_http_services.rb:4:in `block in <main>'
	from /home/pi/code/raspberry/bin/init_http_services.rb:4:in `each'
	from /home/pi/code/raspberry/bin/init_http_services.rb:4:in `<main>'
Puma 2.11.3 starting...
* Min threads: 0, max threads: 16
* Environment: development
* Listening on tcp://0.0.0.0:4567
== Sinatra (v1.4.6) has taken the stage on 4567 for development with backup from Puma
== Sinatra has ended his set (crowd applauds)
Puma 2.11.3 starting...
* Min threads: 0, max threads: 16
* Environment: development
* Listening on tcp://0.0.0.0:4567
== Sinatra (v1.4.6) has taken the stage on 4567 for development with backup from Puma
2015-08-19 23:25:06 - NameError - uninitialized constant UserConsultor::User:
	/home/pi/code/raspberry/lib/consultors/user_consultor.rb:36:in `authenticate'
	/home/pi/code/raspberry/bin/init_http_services.rb:14:in `authenticate'
	/home/pi/code/raspberry/bin/init_http_services.rb:67:in `block in <class:HttpService>'
	/home/pi/.rvm/gems/ruby-2.2.0@global/gems/sinatra-1.4.6/lib/sinatra/base.rb:1610:in `call'
	/home/pi/.rvm/gems/ruby-2.2.0@global/gems/sinatra-1.4.6/lib/sinatra/base.rb:1610:in `block in compile!'
	/home/pi/.rvm/gems/ruby-2.2.0@global/gems/sinatra-1.4.6/lib/sinatra/base.rb:974:in `[]'
	/home/pi/.rvm/gems/ruby-2.2.0@global/gems/sinatra-1.4.6/lib/sinatra/base.rb:974:in `block (3 levels) in route!'
	/home/pi/.rvm/gems/ruby-2.2.0@global/gems/sinatra-1.4.6/lib/sinatra/base.rb:993:in `route_eval'
	/home/pi/.rvm/gems/ruby-2.2.0@global/gems/sinatra-1.4.6/lib/sinatra/base.rb:974:in `block (2 levels) in route!'
	/home/pi/.rvm/gems/ruby-2.2.0@global/gems/sinatra-1.4.6/lib/sinatra/base.rb:1014:in `block in process_route'
	/home/pi/.rvm/gems/ruby-2.2.0@global/gems/sinatra-1.4.6/lib/sinatra/base.rb:1012:in `catch'
	/home/pi/.rvm/gems/ruby-2.2.0@global/gems/sinatra-1.4.6/lib/sinatra/base.rb:1012:in `process_route'
	/home/pi/.rvm/gems/ruby-2.2.0@global/gems/sinatra-1.4.6/lib/sinatra/base.rb:972:in `block in route!'
	/home/pi/.rvm/gems/ruby-2.2.0@global/gems/sinatra-1.4.6/lib/sinatra/base.rb:971:in `each'
	/home/pi/.rvm/gems/ruby-2.2.0@global/gems/sinatra-1.4.6/lib/sinatra/base.rb:971:in `route!'
	/home/pi/.rvm/gems/ruby-2.2.0@global/gems/sinatra-1.4.6/lib/sinatra/base.rb:1084:in `block in dispatch!'
	/home/pi/.rvm/gems/ruby-2.2.0@global/gems/sinatra-1.4.6/lib/sinatra/base.rb:1066:in `block in invoke'
	/home/pi/.rvm/gems/ruby-2.2.0@global/gems/sinatra-1.4.6/lib/sinatra/base.rb:1066:in `catch'
	/home/pi/.rvm/gems/ruby-2.2.0@global/gems/sinatra-1.4.6/lib/sinatra/base.rb:1066:in `invoke'
	/home/pi/.rvm/gems/ruby-2.2.0@global/gems/sinatra-1.4.6/lib/sinatra/base.rb:1081:in `dispatch!'
	/home/pi/.rvm/gems/ruby-2.2.0@global/gems/sinatra-1.4.6/lib/sinatra/base.rb:906:in `block in call!'
	/home/pi/.rvm/gems/ruby-2.2.0@global/gems/sinatra-1.4.6/lib/sinatra/base.rb:1066:in `block in invoke'
	/home/pi/.rvm/gems/ruby-2.2.0@global/gems/sinatra-1.4.6/lib/sinatra/base.rb:1066:in `catch'
	/home/pi/.rvm/gems/ruby-2.2.0@global/gems/sinatra-1.4.6/lib/sinatra/base.rb:1066:in `invoke'
	/home/pi/.rvm/gems/ruby-2.2.0@global/gems/sinatra-1.4.6/lib/sinatra/base.rb:906:in `call!'
	/home/pi/.rvm/gems/ruby-2.2.0@global/gems/sinatra-1.4.6/lib/sinatra/base.rb:894:in `call'
	/home/pi/.rvm/gems/ruby-2.2.0@global/gems/rack-protection-1.5.3/lib/rack/protection/xss_header.rb:18:in `call'
	/home/pi/.rvm/gems/ruby-2.2.0@global/gems/rack-protection-1.5.3/lib/rack/protection/path_traversal.rb:16:in `call'
	/home/pi/.rvm/gems/ruby-2.2.0@global/gems/rack-protection-1.5.3/lib/rack/protection/json_csrf.rb:18:in `call'
	/home/pi/.rvm/gems/ruby-2.2.0@global/gems/rack-protection-1.5.3/lib/rack/protection/base.rb:49:in `call'
	/home/pi/.rvm/gems/ruby-2.2.0@global/gems/rack-protection-1.5.3/lib/rack/protection/base.rb:49:in `call'
	/home/pi/.rvm/gems/ruby-2.2.0@global/gems/rack-protection-1.5.3/lib/rack/protection/frame_options.rb:31:in `call'
	/home/pi/.rvm/gems/ruby-2.2.0@global/gems/rack-1.6.2/lib/rack/nulllogger.rb:9:in `call'
	/home/pi/.rvm/gems/ruby-2.2.0@global/gems/rack-1.6.2/lib/rack/head.rb:13:in `call'
	/home/pi/.rvm/gems/ruby-2.2.0@global/gems/sinatra-1.4.6/lib/sinatra/show_exceptions.rb:21:in `call'
	/home/pi/.rvm/gems/ruby-2.2.0@global/gems/sinatra-1.4.6/lib/sinatra/base.rb:181:in `call'
	/home/pi/.rvm/gems/ruby-2.2.0@global/gems/sinatra-1.4.6/lib/sinatra/base.rb:2021:in `call'
	/home/pi/.rvm/gems/ruby-2.2.0@global/gems/sinatra-1.4.6/lib/sinatra/base.rb:1486:in `block in call'
	/home/pi/.rvm/gems/ruby-2.2.0@global/gems/sinatra-1.4.6/lib/sinatra/base.rb:1795:in `synchronize'
	/home/pi/.rvm/gems/ruby-2.2.0@global/gems/sinatra-1.4.6/lib/sinatra/base.rb:1486:in `call'
	/home/pi/.rvm/gems/ruby-2.2.0@global/gems/puma-2.11.3/lib/puma/server.rb:507:in `handle_request'
	/home/pi/.rvm/gems/ruby-2.2.0@global/gems/puma-2.11.3/lib/puma/server.rb:375:in `process_client'
	/home/pi/.rvm/gems/ruby-2.2.0@global/gems/puma-2.11.3/lib/puma/server.rb:262:in `block in run'
	/home/pi/.rvm/gems/ruby-2.2.0@global/gems/puma-2.11.3/lib/puma/thread_pool.rb:104:in `call'
	/home/pi/.rvm/gems/ruby-2.2.0@global/gems/puma-2.11.3/lib/puma/thread_pool.rb:104:in `block in spawn_thread'
== Sinatra has ended his set (crowd applauds)
/home/pi/code/raspberry/lib/users/supervisor.rb:1:in `<top (required)>': uninitialized constant User (NameError)
	from /home/pi/.rvm/rubies/ruby-2.2.0/lib/ruby/site_ruby/2.2.0/rubygems/core_ext/kernel_require.rb:54:in `require'
	from /home/pi/.rvm/rubies/ruby-2.2.0/lib/ruby/site_ruby/2.2.0/rubygems/core_ext/kernel_require.rb:54:in `require'
	from /home/pi/code/raspberry/bin/init_http_services.rb:4:in `block in <main>'
	from /home/pi/code/raspberry/bin/init_http_services.rb:4:in `each'
	from /home/pi/code/raspberry/bin/init_http_services.rb:4:in `<main>'
/home/pi/code/raspberry/lib/users/supervisor.rb:1:in `<top (required)>': uninitialized constant User (NameError)
	from /home/pi/.rvm/rubies/ruby-2.2.0/lib/ruby/site_ruby/2.2.0/rubygems/core_ext/kernel_require.rb:54:in `require'
	from /home/pi/.rvm/rubies/ruby-2.2.0/lib/ruby/site_ruby/2.2.0/rubygems/core_ext/kernel_require.rb:54:in `require'
	from /home/pi/code/raspberry/bin/init_http_services.rb:4:in `block in <main>'
	from /home/pi/code/raspberry/bin/init_http_services.rb:4:in `each'
	from /home/pi/code/raspberry/bin/init_http_services.rb:4:in `<main>'
/home/pi/code/raspberry/lib/users/supervisor.rb:1:in `<top (required)>': uninitialized constant User (NameError)
	from /home/pi/.rvm/rubies/ruby-2.2.0/lib/ruby/site_ruby/2.2.0/rubygems/core_ext/kernel_require.rb:54:in `require'
	from /home/pi/.rvm/rubies/ruby-2.2.0/lib/ruby/site_ruby/2.2.0/rubygems/core_ext/kernel_require.rb:54:in `require'
	from /home/pi/code/raspberry/bin/init_http_services.rb:4:in `block in <main>'
	from /home/pi/code/raspberry/bin/init_http_services.rb:4:in `each'
	from /home/pi/code/raspberry/bin/init_http_services.rb:4:in `<main>'
/home/pi/code/raspberry/lib/users/supervisor.rb:1:in `<top (required)>': uninitialized constant User (NameError)
	from /home/pi/.rvm/rubies/ruby-2.2.0/lib/ruby/site_ruby/2.2.0/rubygems/core_ext/kernel_require.rb:54:in `require'
	from /home/pi/.rvm/rubies/ruby-2.2.0/lib/ruby/site_ruby/2.2.0/rubygems/core_ext/kernel_require.rb:54:in `require'
	from /home/pi/code/raspberry/bin/init_http_services.rb:4:in `block in <main>'
	from /home/pi/code/raspberry/bin/init_http_services.rb:4:in `each'
	from /home/pi/code/raspberry/bin/init_http_services.rb:4:in `<main>'
/home/pi/code/raspberry/lib/users/supervisor.rb:1:in `<top (required)>': uninitialized constant User (NameError)
	from /home/pi/.rvm/rubies/ruby-2.2.0/lib/ruby/site_ruby/2.2.0/rubygems/core_ext/kernel_require.rb:54:in `require'
	from /home/pi/.rvm/rubies/ruby-2.2.0/lib/ruby/site_ruby/2.2.0/rubygems/core_ext/kernel_require.rb:54:in `require'
	from /home/pi/code/raspberry/bin/init_http_services.rb:4:in `block in <main>'
	from /home/pi/code/raspberry/bin/init_http_services.rb:4:in `each'
	from /home/pi/code/raspberry/bin/init_http_services.rb:4:in `<main>'
